<?xml version="1.0" encoding="UTF-8"?>
<testng-results skipped="0" failed="0" ignored="0" total="1" passed="1">
  <reporter-output>
  </reporter-output>
  <suite name="Suite" duration-ms="15278" started-at="2020-12-21T06:19:19Z" finished-at="2020-12-21T06:19:34Z">
    <groups>
    </groups>
    <test name="Test" duration-ms="15278" started-at="2020-12-21T06:19:19Z" finished-at="2020-12-21T06:19:34Z">
      <class name="org.test3.mainclass">
        <test-method status="PASS" signature="tc1()[pri:0, instance:org.test3.mainclass@91161c7]" name="tc1" is-config="true" duration-ms="13925" started-at="2020-12-21T06:19:05Z" finished-at="2020-12-21T06:19:19Z">
          <reporter-output>
          </reporter-output>
        </test-method> <!-- tc1 -->
        <test-method status="PASS" signature="tc2()[pri:0, instance:org.test3.mainclass@91161c7]" name="tc2" duration-ms="15144" started-at="2020-12-21T06:19:19Z" finished-at="2020-12-21T06:19:34Z">
          <reporter-output>
          </reporter-output>
        </test-method> <!-- tc2 -->
      </class> <!-- org.test3.mainclass -->
    </test> <!-- Test -->
  </suite> <!-- Suite -->
</testng-results>
